# JRE version: OpenJDK Runtime Environment (17.0.11) (build 17.0.11+0--11852314)
# Java VM: OpenJDK 64-Bit Server VM (17.0.11+0--11852314, mixed mode, tiered, compressed oops, compressed class ptrs, g1 gc, windows-amd64)
GC Precious Log:
 CPUs: 8 total, 8 available
 Memory: 8025M
 Large Page Support: Disabled
 NUMA Support: Disabled
 Compressed Oops: Enabled (32-bit)
 Heap Region Size: 1M
 Heap Min Capacity: 8M
 Heap Initial Capacity: 126M
 Heap Max Capacity: 2G
 Pre-touch: Disabled
 Parallel Workers: 8
 Concurrent Workers: 2
 Concurrent Refinement Workers: 8
 Periodic GC: Disabled
Heap:
 garbage-first heap   total 356352K, used 222067K [0x0000000080000000, 0x0000000100000000)
  region size 1024K, 2 young (2048K), 2 survivors (2048K)
 Metaspace       used 122553K, committed 123904K, reserved 1179648K
  class space    used 16216K, committed 16896K, reserved 1048576K
GC Heap History (20 events):
Event: 14524.832 GC heap after
{Heap after GC invocations=64 (full 0):
 garbage-first heap   total 356352K, used 182460K [0x0000000080000000, 0x0000000100000000)
  region size 1024K, 3 young (3072K), 3 survivors (3072K)
 Metaspace       used 111428K, committed 112832K, reserved 1179648K
  class space    used 14882K, committed 15552K, reserved 1048576K
}
Event: 14526.607 GC heap before
{Heap before GC invocations=65 (full 0):
 garbage-first heap   total 356352K, used 331964K [0x0000000080000000, 0x0000000100000000)
  region size 1024K, 78 young (79872K), 3 survivors (3072K)
 Metaspace       used 112552K, committed 113856K, reserved 1179648K
  class space    used 14965K, committed 15616K, reserved 1048576K
}
Event: 14526.619 GC heap after
{Heap after GC invocations=66 (full 0):
 garbage-first heap   total 356352K, used 202534K [0x0000000080000000, 0x0000000100000000)
  region size 1024K, 7 young (7168K), 7 survivors (7168K)
 Metaspace       used 112552K, committed 113856K, reserved 1179648K
  class space    used 14965K, committed 15616K, reserved 1048576K
}
Event: 14526.824 GC heap before
{Heap before GC invocations=66 (full 0):
 garbage-first heap   total 356352K, used 230182K [0x0000000080000000, 0x0000000100000000)
  region size 1024K, 17 young (17408K), 7 survivors (7168K)
 Metaspace       used 112760K, committed 114112K, reserved 1179648K
  class space    used 14984K, committed 15680K, reserved 1048576K
}
Event: 14526.841 GC heap after
{Heap after GC invocations=67 (full 0):
 garbage-first heap   total 356352K, used 154019K [0x0000000080000000, 0x0000000100000000)
  region size 1024K, 2 young (2048K), 2 survivors (2048K)
 Metaspace       used 112760K, committed 114112K, reserved 1179648K
  class space    used 14984K, committed 15680K, reserved 1048576K
}
Event: 14526.994 GC heap before
{Heap before GC invocations=67 (full 0):
 garbage-first heap   total 356352K, used 175523K [0x0000000080000000, 0x0000000100000000)
  region size 1024K, 17 young (17408K), 2 survivors (2048K)
 Metaspace       used 112986K, committed 114304K, reserved 1179648K
  class space    used 15004K, committed 15680K, reserved 1048576K
}
Event: 14527.033 GC heap after
{Heap after GC invocations=68 (full 0):
 garbage-first heap   total 356352K, used 138108K [0x0000000080000000, 0x0000000100000000)
  region size 1024K, 3 young (3072K), 3 survivors (3072K)
 Metaspace       used 112986K, committed 114304K, reserved 1179648K
  class space    used 15004K, committed 15680K, reserved 1048576K
}
Event: 14527.929 GC heap before
{Heap before GC invocations=68 (full 0):
 garbage-first heap   total 356352K, used 336764K [0x0000000080000000, 0x0000000100000000)
  region size 1024K, 75 young (76800K), 3 survivors (3072K)
 Metaspace       used 113268K, committed 114624K, reserved 1179648K
  class space    used 15016K, committed 15680K, reserved 1048576K
}
Event: 14527.932 GC heap after
{Heap after GC invocations=69 (full 0):
 garbage-first heap   total 356352K, used 137891K [0x0000000080000000, 0x0000000100000000)
  region size 1024K, 1 young (1024K), 1 survivors (1024K)
 Metaspace       used 113268K, committed 114624K, reserved 1179648K
  class space    used 15016K, committed 15680K, reserved 1048576K
}
Event: 14531.008 GC heap before
{Heap before GC invocations=70 (full 0):
 garbage-first heap   total 356352K, used 272035K [0x0000000080000000, 0x0000000100000000)
  region size 1024K, 137 young (140288K), 1 survivors (1024K)
 Metaspace       used 116625K, committed 117952K, reserved 1179648K
  class space    used 15418K, committed 16064K, reserved 1048576K
}
Event: 14531.020 GC heap after
{Heap after GC invocations=71 (full 0):
 garbage-first heap   total 356352K, used 133980K [0x0000000080000000, 0x0000000100000000)
  region size 1024K, 6 young (6144K), 6 survivors (6144K)
 Metaspace       used 116625K, committed 117952K, reserved 1179648K
  class space    used 15418K, committed 16064K, reserved 1048576K
}
Event: 14531.176 GC heap before
{Heap before GC invocations=71 (full 0):
 garbage-first heap   total 356352K, used 145244K [0x0000000080000000, 0x0000000100000000)
  region size 1024K, 17 young (17408K), 6 survivors (6144K)
 Metaspace       used 116700K, committed 118016K, reserved 1179648K
  class space    used 15418K, committed 16064K, reserved 1048576K
}
Event: 14531.194 GC heap after
{Heap after GC invocations=72 (full 0):
 garbage-first heap   total 356352K, used 111174K [0x0000000080000000, 0x0000000100000000)
  region size 1024K, 1 young (1024K), 1 survivors (1024K)
 Metaspace       used 116700K, committed 118016K, reserved 1179648K
  class space    used 15418K, committed 16064K, reserved 1048576K
}
Event: 14532.852 GC heap before
{Heap before GC invocations=72 (full 0):
 garbage-first heap   total 356352K, used 311878K [0x0000000080000000, 0x0000000100000000)
  region size 1024K, 165 young (168960K), 1 survivors (1024K)
 Metaspace       used 119291K, committed 120640K, reserved 1179648K
  class space    used 15737K, committed 16384K, reserved 1048576K
}
Event: 14532.870 GC heap after
{Heap after GC invocations=73 (full 0):
 garbage-first heap   total 356352K, used 168960K [0x0000000080000000, 0x0000000100000000)
  region size 1024K, 21 young (21504K), 21 survivors (21504K)
 Metaspace       used 119291K, committed 120640K, reserved 1179648K
  class space    used 15737K, committed 16384K, reserved 1048576K
}
Event: 14533.748 GC heap before
{Heap before GC invocations=73 (full 0):
 garbage-first heap   total 356352K, used 311296K [0x0000000080000000, 0x0000000100000000)
  region size 1024K, 130 young (133120K), 21 survivors (21504K)
 Metaspace       used 122549K, committed 123904K, reserved 1179648K
  class space    used 16216K, committed 16896K, reserved 1048576K
}
Event: 14533.767 GC heap after
{Heap after GC invocations=74 (full 0):
 garbage-first heap   total 356352K, used 199088K [0x0000000080000000, 0x0000000100000000)
  region size 1024K, 17 young (17408K), 17 survivors (17408K)
 Metaspace       used 122549K, committed 123904K, reserved 1179648K
  class space    used 16216K, committed 16896K, reserved 1048576K
}
Event: 14533.818 GC heap before
{Heap before GC invocations=74 (full 0):
 garbage-first heap   total 356352K, used 253360K [0x0000000080000000, 0x0000000100000000)
  region size 1024K, 39 young (39936K), 17 survivors (17408K)
 Metaspace       used 122551K, committed 123904K, reserved 1179648K
  class space    used 16216K, committed 16896K, reserved 1048576K
}
Event: 14533.827 GC heap after
{Heap after GC invocations=75 (full 0):
 garbage-first heap   total 356352K, used 221447K [0x0000000080000000, 0x0000000100000000)
  region size 1024K, 9 young (9216K), 9 survivors (9216K)
 Metaspace       used 122551K, committed 123904K, reserved 1179648K
  class space    used 16216K, committed 16896K, reserved 1048576K
}
Event: 14533.829 GC heap before
{Heap before GC invocations=75 (full 0):
 garbage-first heap   total 356352K, used 222471K [0x0000000080000000, 0x0000000100000000)
  region size 1024K, 11 young (11264K), 9 survivors (9216K)
 Metaspace       used 122553K, committed 123904K, reserved 1179648K
  class space    used 16216K, committed 16896K, reserved 1048576K
}

